INFO: [VRFC 10-2263] Analyzing Verilog file "/home/petru/Facultate/DSD/DSD_PipelineCore/DSD_PipelineCore.srcs/sources_1/new/dependency_control.v" into library xil_defaultlib
INFO: [VRFC 10-311] analyzing module dependency_control
INFO: [VRFC 10-2263] Analyzing Verilog file "/home/petru/Facultate/DSD/DSD_PipelineCore/DSD_PipelineCore.srcs/sources_1/new/execute_writeback_pipeline_reg.v" into library xil_defaultlib
INFO: [VRFC 10-311] analyzing module execute_writeback_pipeline_reg
INFO: [VRFC 10-2263] Analyzing Verilog file "/home/petru/Facultate/DSD/DSD_PipelineCore/DSD_PipelineCore.srcs/sources_1/imports/new/ram.v" into library xil_defaultlib
INFO: [VRFC 10-311] analyzing module ram_module
INFO: [VRFC 10-2263] Analyzing Verilog file "/home/petru/Facultate/DSD/DSD_PipelineCore/DSD_PipelineCore.srcs/sources_1/new/read_execute_pipeline_reg.v" into library xil_defaultlib
INFO: [VRFC 10-311] analyzing module read_execute_pipeline_reg
INFO: [VRFC 10-2263] Analyzing Verilog file "/home/petru/Facultate/DSD/DSD_PipelineCore/DSD_PipelineCore.srcs/sources_1/imports/new/reg_module.v" into library xil_defaultlib
INFO: [VRFC 10-311] analyzing module reg_module
INFO: [VRFC 10-2263] Analyzing Verilog file "/home/petru/Facultate/DSD/DSD_PipelineCore/DSD_PipelineCore.srcs/sources_1/new/seq_core.v" into library xil_defaultlib
INFO: [VRFC 10-311] analyzing module seq_core
INFO: [VRFC 10-2263] Analyzing Verilog file "/home/petru/Facultate/DSD/DSD_PipelineCore/DSD_PipelineCore.srcs/sources_1/new/stage_execute.v" into library xil_defaultlib
INFO: [VRFC 10-311] analyzing module stage_execute
INFO: [VRFC 10-2263] Analyzing Verilog file "/home/petru/Facultate/DSD/DSD_PipelineCore/DSD_PipelineCore.srcs/sources_1/new/stage_fetch.v" into library xil_defaultlib
INFO: [VRFC 10-311] analyzing module stage_fetch
INFO: [VRFC 10-2263] Analyzing Verilog file "/home/petru/Facultate/DSD/DSD_PipelineCore/DSD_PipelineCore.srcs/sources_1/new/stage_read.v" into library xil_defaultlib
INFO: [VRFC 10-311] analyzing module stage_read
INFO: [VRFC 10-2263] Analyzing Verilog file "/home/petru/Facultate/DSD/DSD_PipelineCore/DSD_PipelineCore.srcs/sources_1/new/stage_writeback.v" into library xil_defaultlib
INFO: [VRFC 10-311] analyzing module stage_writeback
INFO: [VRFC 10-2263] Analyzing Verilog file "/home/petru/Facultate/DSD/DSD_PipelineCore/DSD_PipelineCore.srcs/sim_2/imports/new/multiply_algorithm_tb.v" into library xil_defaultlib
INFO: [VRFC 10-311] analyzing module multiply_algorithm_tb
